Using pre-set license
Built from '2020.3/staging' branch; Version is '2020.3.21f1 (a38c86f6690f) revision 10718342'; Using compiler version '192528614'; Build Type 'Release'
OS: 'Windows 10 Pro; OS build 19042.1348; Version 2009; 64bit' Language: 'ru' Physical Memory: 16322 MB
BatchMode: 1, IsHumanControllingUs: 0, StartBugReporterOnCrash: 0, Is64bit: 1, IsPro: 0

COMMAND LINE ARGUMENTS:
C:\Program Files (x86)\Unity\2020.3.21f1\Editor\Unity.exe
-adb2
-batchMode
-noUpm
-name
AssetImportWorker1
-projectPath
D:/Git Projects/Snow-Game/Snow-Game/Snow Game
-logFile
Logs/AssetImportWorker1.log
-srvPort
58461
Successfully changed project path to: D:/Git Projects/Snow-Game/Snow-Game/Snow Game
D:/Git Projects/Snow-Game/Snow-Game/Snow Game
Using Asset Import Pipeline V2.
Refreshing native plugins compatible for Editor in 46.69 ms, found 2 plugins.
Preloading 0 native plugins for Editor in 0.00 ms.
Initialize engine version: 2020.3.21f1 (a38c86f6690f)
[Subsystems] Discovering subsystems at path C:/Program Files (x86)/Unity/2020.3.21f1/Editor/Data/Resources/UnitySubsystems
[Subsystems] Discovering subsystems at path D:/Git Projects/Snow-Game/Snow-Game/Snow Game/Assets
GfxDevice: creating device client; threaded=0
Direct3D:
    Version:  Direct3D 11.0 [level 11.1]
    Renderer: NVIDIA GeForce GTX 1050 Ti (ID=0x1c82)
    Vendor:   
    VRAM:     4019 MB
    Driver:   30.0.14.9649
Initialize mono
Mono path[0] = 'C:/Program Files (x86)/Unity/2020.3.21f1/Editor/Data/Managed'
Mono path[1] = 'C:/Program Files (x86)/Unity/2020.3.21f1/Editor/Data/MonoBleedingEdge/lib/mono/unityjit'
Mono config path = 'C:/Program Files (x86)/Unity/2020.3.21f1/Editor/Data/MonoBleedingEdge/etc'
Using monoOptions --debugger-agent=transport=dt_socket,embedding=1,server=y,suspend=n,address=127.0.0.1:56296
Begin MonoManager ReloadAssembly
Registering precompiled unity dll's ...
Register platform support module: C:/Program Files (x86)/Unity/2020.3.21f1/Editor/Data/PlaybackEngines/WindowsStandaloneSupport/UnityEditor.WindowsStandalone.Extensions.dll
Registered in 0.002371 seconds.
Native extension for WindowsStandalone target not found
Refreshing native plugins compatible for Editor in 40.34 ms, found 2 plugins.
Preloading 0 native plugins for Editor in 0.00 ms.
Unable to find bridge dll on disk for Microsoft Visual Studio Tools for Unity for C:\Program Files (x86)\Microsoft Visual Studio Tools for Unity\16.0\Editor\SyntaxTree.VisualStudio.Unity.Bridge.dll
Mono: successfully reloaded assembly
- Completed reload, in  2.259 seconds
Domain Reload Profiling:
	ReloadAssembly (2260ms)
		BeginReloadAssembly (68ms)
			ExecutionOrderSort (0ms)
			DisableScriptedObjects (0ms)
			BackupInstance (0ms)
			ReleaseScriptingObjects (0ms)
			CreateAndSetChildDomain (1ms)
		EndReloadAssembly (558ms)
			LoadAssemblies (65ms)
			RebuildTransferFunctionScriptingTraits (0ms)
			SetupTypeCache (193ms)
			ReleaseScriptCaches (0ms)
			RebuildScriptCaches (39ms)
			SetupLoadedEditorAssemblies (205ms)
				LogAssemblyErrors (0ms)
				InitializePlatformSupportModulesInManaged (4ms)
				SetLoadedEditorAssemblies (0ms)
				RefreshPlugins (40ms)
				BeforeProcessingInitializeOnLoad (20ms)
				ProcessInitializeOnLoadAttributes (103ms)
				ProcessInitializeOnLoadMethodAttributes (37ms)
				AfterProcessingInitializeOnLoad (0ms)
				EditorAssembliesLoaded (0ms)
			ExecutionOrderSort2 (0ms)
			AwakeInstancesAfterBackupRestoration (0ms)
Platform modules already initialized, skipping
Registering precompiled user dll's ...
Registered in 0.004998 seconds.
Begin MonoManager ReloadAssembly
Native extension for WindowsStandalone target not found
Refreshing native plugins compatible for Editor in 38.92 ms, found 2 plugins.
Preloading 0 native plugins for Editor in 0.00 ms.
Mono: successfully reloaded assembly
- Completed reload, in  1.351 seconds
Domain Reload Profiling:
	ReloadAssembly (1353ms)
		BeginReloadAssembly (189ms)
			ExecutionOrderSort (0ms)
			DisableScriptedObjects (6ms)
			BackupInstance (0ms)
			ReleaseScriptingObjects (0ms)
			CreateAndSetChildDomain (24ms)
		EndReloadAssembly (1080ms)
			LoadAssemblies (119ms)
			RebuildTransferFunctionScriptingTraits (0ms)
			SetupTypeCache (374ms)
			ReleaseScriptCaches (1ms)
			RebuildScriptCaches (56ms)
			SetupLoadedEditorAssemblies (383ms)
				LogAssemblyErrors (0ms)
				InitializePlatformSupportModulesInManaged (5ms)
				SetLoadedEditorAssemblies (0ms)
				RefreshPlugins (39ms)
				BeforeProcessingInitializeOnLoad (84ms)
				ProcessInitializeOnLoadAttributes (238ms)
				ProcessInitializeOnLoadMethodAttributes (11ms)
				AfterProcessingInitializeOnLoad (7ms)
				EditorAssembliesLoaded (0ms)
			ExecutionOrderSort2 (0ms)
			AwakeInstancesAfterBackupRestoration (9ms)
Platform modules already initialized, skipping
========================================================================
Worker process is ready to serve import requests
Launched and connected shader compiler UnityShaderCompiler.exe after 0.10 seconds
Refreshing native plugins compatible for Editor in 0.45 ms, found 2 plugins.
Preloading 0 native plugins for Editor in 0.00 ms.
Unloading 1573 Unused Serialized files (Serialized files now loaded: 0)
System memory in use before: 71.0 MB.
System memory in use after: 71.1 MB.

Unloading 19 unused Assets to reduce memory usage. Loaded Objects now: 2006.
Total: 4.049800 ms (FindLiveObjects: 0.175800 ms CreateObjectMapping: 0.064600 ms MarkObjects: 3.711800 ms  DeleteObjects: 0.096200 ms)

AssetImportParameters requested are different than current active one (requested -> active):
  custom:framework-win-MediaFoundation: 216162199b28c13a410421893ffa2e32 -> 
  custom:video-decoder-ogg-theora: a1e56fd34408186e4bbccfd4996cb3dc -> 
  custom:container-muxer-webm: aa71ff27fc2769a1b78a27578f13a17b -> 
  custom:container-demuxer-webm: 4f35f7cbe854078d1ac9338744f61a02 -> 
  custom:container-demuxer-ogg: 62fdf1f143b41e24485cea50d1cbac27 -> 
  custom:video-encoder-webm-vp8: eb34c28f22e8b96e1ab97ce403110664 -> 
  custom:video-decoder-webm-vp8: 9c59270c3fd7afecdb556c50c9e8de78 -> 
  custom:audio-decoder-ogg-vorbis: bf7c407c2cedff20999df2af8eb42d56 -> 
  custom:audio-encoder-webm-vorbis: bf7c407c2cedff20999df2af8eb42d56 -> 
========================================================================
Received Import Request.
  path: Assets/Models/Characters
  artifactKey: Guid(11094ffbb101f814e8a384aba666daa7) Importer(815301076,1909f56bfc062723c751e8b465ee728b)
Start importing Assets/Models/Characters using Guid(11094ffbb101f814e8a384aba666daa7) Importer(815301076,1909f56bfc062723c751e8b465ee728b)  -> (artifact id: '01182fbed18f3dedc300db3eef599d39') in 0.015536 seconds 
  Import took 0.018888 seconds .

========================================================================
Received Import Request.
  Time since last request: 67.095193 seconds.
  path: Assets/Models/Characters/Snow men.obj
  artifactKey: Guid(aa8502221e1204344bb6d55f59924aa3) Importer(815301076,1909f56bfc062723c751e8b465ee728b)
Start importing Assets/Models/Characters/Snow men.obj using Guid(aa8502221e1204344bb6d55f59924aa3) Importer(815301076,1909f56bfc062723c751e8b465ee728b)  -> (artifact id: 'e91ff510195edd9abea39b5f318d2ce0') in 0.205920 seconds 
  Import took 0.209947 seconds .

========================================================================
Received Import Request.
  Time since last request: 0.000329 seconds.
  path: Assets/Models/Characters/Snowdrift 2.obj
  artifactKey: Guid(dee3d2fb356607b4fb5fbe7e598a8ba8) Importer(815301076,1909f56bfc062723c751e8b465ee728b)
Start importing Assets/Models/Characters/Snowdrift 2.obj using Guid(dee3d2fb356607b4fb5fbe7e598a8ba8) Importer(815301076,1909f56bfc062723c751e8b465ee728b)  -> (artifact id: '61a9a4cb10d3efa8fab3da30bf7e369b') in 0.039818 seconds 
  Import took 0.043616 seconds .

========================================================================
Received Import Request.
  Time since last request: 0.000262 seconds.
  path: Assets/Models/Characters/Snow men.png
  artifactKey: Guid(49bffe9063c75d343af382d9731064a1) Importer(815301076,1909f56bfc062723c751e8b465ee728b)
Start importing Assets/Models/Characters/Snow men.png using Guid(49bffe9063c75d343af382d9731064a1) Importer(815301076,1909f56bfc062723c751e8b465ee728b)  -> (artifact id: '30ed11ff4a39ef2dc8af2c27555428f3') in 0.033580 seconds 
  Import took 0.037139 seconds .

========================================================================
Received Import Request.
  Time since last request: 0.000212 seconds.
  path: Assets/Models/Characters/Snowdrift 1.obj
  artifactKey: Guid(5ae6be15425c4d545aa60bae3cd136c4) Importer(815301076,1909f56bfc062723c751e8b465ee728b)
Start importing Assets/Models/Characters/Snowdrift 1.obj using Guid(5ae6be15425c4d545aa60bae3cd136c4) Importer(815301076,1909f56bfc062723c751e8b465ee728b)  -> (artifact id: '8c569befd290da848c7746c62df567ad') in 0.037347 seconds 
  Import took 0.040432 seconds .

========================================================================
Received Import Request.
  Time since last request: 0.000217 seconds.
  path: Assets/Models/Characters/Snowdrift 1.png
  artifactKey: Guid(653077ea4586aad48a2938bdedc44deb) Importer(815301076,1909f56bfc062723c751e8b465ee728b)
Start importing Assets/Models/Characters/Snowdrift 1.png using Guid(653077ea4586aad48a2938bdedc44deb) Importer(815301076,1909f56bfc062723c751e8b465ee728b)  -> (artifact id: 'c9f7418ea590998f64996301a005b9d6') in 0.013335 seconds 
  Import took 0.016678 seconds .

========================================================================
Received Import Request.
  Time since last request: 0.000220 seconds.
  path: Assets/Models/Characters/Snowdrift 2.png
  artifactKey: Guid(59b24ce749f283a48818c9f0908559ab) Importer(815301076,1909f56bfc062723c751e8b465ee728b)
Start importing Assets/Models/Characters/Snowdrift 2.png using Guid(59b24ce749f283a48818c9f0908559ab) Importer(815301076,1909f56bfc062723c751e8b465ee728b)  -> (artifact id: '36d7320c0568c7396acac1cf91980e99') in 0.013328 seconds 
  Import took 0.016748 seconds .

========================================================================
Received Import Request.
  Time since last request: 62.489037 seconds.
  path: Assets/Materials/Snowman Material.mat
  artifactKey: Guid(ad414ff81276cc04da292ea2c0bd49b0) Importer(815301076,1909f56bfc062723c751e8b465ee728b)
Start importing Assets/Materials/Snowman Material.mat using Guid(ad414ff81276cc04da292ea2c0bd49b0) Importer(815301076,1909f56bfc062723c751e8b465ee728b)  -> (artifact id: '892935bcd6a04d04e50f14fa4bf5c7be') in 0.072128 seconds 
  Import took 0.077078 seconds .

========================================================================
Received Import Request.
  Time since last request: 30.291374 seconds.
  path: Assets/Prefabs/New Material.mat
  artifactKey: Guid(3950ff06f94600443a4c9a1d6b52c125) Importer(815301076,1909f56bfc062723c751e8b465ee728b)
Start importing Assets/Prefabs/New Material.mat using Guid(3950ff06f94600443a4c9a1d6b52c125) Importer(815301076,1909f56bfc062723c751e8b465ee728b)  -> (artifact id: 'edb8594241fd14ba2c2fee4a0d634168') in 0.023108 seconds 
  Import took 0.027630 seconds .

========================================================================
Received Import Request.
  Time since last request: 5.668351 seconds.
  path: Assets/Prefabs/Enemies
  artifactKey: Guid(0bbce0339ec1ad54da32febec8617bf1) Importer(815301076,1909f56bfc062723c751e8b465ee728b)
Start importing Assets/Prefabs/Enemies using Guid(0bbce0339ec1ad54da32febec8617bf1) Importer(815301076,1909f56bfc062723c751e8b465ee728b)  -> (artifact id: '53638ce1fc0e8f7a112e0091138a306c') in 0.010712 seconds 
  Import took 0.014831 seconds .

========================================================================
Received Import Request.
  Time since last request: 3.686085 seconds.
  path: Assets/Prefabs/Enemies/Snow men.prefab
  artifactKey: Guid(bf2a73b2b183fde4daea1a47f02e78d3) Importer(815301076,1909f56bfc062723c751e8b465ee728b)
Start importing Assets/Prefabs/Enemies/Snow men.prefab using Guid(bf2a73b2b183fde4daea1a47f02e78d3) Importer(815301076,1909f56bfc062723c751e8b465ee728b)  -> (artifact id: '3ec7d338b92b5e2bfd835df2429571d5') in 0.024372 seconds 
  Import took 0.031777 seconds .

========================================================================
Received Import Request.
  Time since last request: 12.224188 seconds.
  path: Assets/Prefabs/Enemies/Snow men.prefab
  artifactKey: Guid(bf2a73b2b183fde4daea1a47f02e78d3) Importer(815301076,1909f56bfc062723c751e8b465ee728b)
Start importing Assets/Prefabs/Enemies/Snow men.prefab using Guid(bf2a73b2b183fde4daea1a47f02e78d3) Importer(815301076,1909f56bfc062723c751e8b465ee728b)  -> (artifact id: '8997d6f4c2011cd08da8440e44321bdd') in 0.016092 seconds 
  Import took 0.022022 seconds .

========================================================================
Received Import Request.
  Time since last request: 6.529462 seconds.
  path: Assets/Prefabs/Enemies/Snow men.prefab
  artifactKey: Guid(bf2a73b2b183fde4daea1a47f02e78d3) Importer(815301076,1909f56bfc062723c751e8b465ee728b)
Start importing Assets/Prefabs/Enemies/Snow men.prefab using Guid(bf2a73b2b183fde4daea1a47f02e78d3) Importer(815301076,1909f56bfc062723c751e8b465ee728b)  -> (artifact id: '4885e56348147e2e8b06e295f23f8bc8') in 0.021260 seconds 
  Import took 0.026299 seconds .

========================================================================
Received Import Request.
  Time since last request: 2.035664 seconds.
  path: Assets/Prefabs/Enemies/Snow men.prefab
  artifactKey: Guid(bf2a73b2b183fde4daea1a47f02e78d3) Importer(815301076,1909f56bfc062723c751e8b465ee728b)
Start importing Assets/Prefabs/Enemies/Snow men.prefab using Guid(bf2a73b2b183fde4daea1a47f02e78d3) Importer(815301076,1909f56bfc062723c751e8b465ee728b)  -> (artifact id: 'dccd94cd32914f8788bb81993b1abbbe') in 0.014795 seconds 
  Import took 0.020023 seconds .

========================================================================
Received Import Request.
  Time since last request: 13.185358 seconds.
  path: Assets/Prefabs/Enemies/Snow men.prefab
  artifactKey: Guid(bf2a73b2b183fde4daea1a47f02e78d3) Importer(815301076,1909f56bfc062723c751e8b465ee728b)
Start importing Assets/Prefabs/Enemies/Snow men.prefab using Guid(bf2a73b2b183fde4daea1a47f02e78d3) Importer(815301076,1909f56bfc062723c751e8b465ee728b)  -> (artifact id: 'f4291507c1eee3c40040c12d5e781ac6') in 0.020215 seconds 
  Import took 0.024605 seconds .

========================================================================
Received Import Request.
  Time since last request: 197.807266 seconds.
  path: Assets/Prefabs/Enemies/Snow men.prefab
  artifactKey: Guid(bf2a73b2b183fde4daea1a47f02e78d3) Importer(815301076,1909f56bfc062723c751e8b465ee728b)
Start importing Assets/Prefabs/Enemies/Snow men.prefab using Guid(bf2a73b2b183fde4daea1a47f02e78d3) Importer(815301076,1909f56bfc062723c751e8b465ee728b)  -> (artifact id: '80b50254b74ab2da4802d41efe04fc68') in 0.018942 seconds 
  Import took 0.023826 seconds .

========================================================================
Received Import Request.
  Time since last request: 22.572667 seconds.
  path: Assets/Prefabs/Enemies/Snow men.prefab
  artifactKey: Guid(bf2a73b2b183fde4daea1a47f02e78d3) Importer(815301076,1909f56bfc062723c751e8b465ee728b)
Start importing Assets/Prefabs/Enemies/Snow men.prefab using Guid(bf2a73b2b183fde4daea1a47f02e78d3) Importer(815301076,1909f56bfc062723c751e8b465ee728b)  -> (artifact id: '665978e95b626b58f9c6500bc3059fab') in 0.020851 seconds 
  Import took 0.027170 seconds .

========================================================================
Received Import Request.
  Time since last request: 19.079732 seconds.
  path: Assets/Prefabs/Enemies/Snow men.prefab
  artifactKey: Guid(bf2a73b2b183fde4daea1a47f02e78d3) Importer(815301076,1909f56bfc062723c751e8b465ee728b)
Start importing Assets/Prefabs/Enemies/Snow men.prefab using Guid(bf2a73b2b183fde4daea1a47f02e78d3) Importer(815301076,1909f56bfc062723c751e8b465ee728b)  -> (artifact id: 'bf90b13a3f018437ff3dde9f3460be8a') in 0.014442 seconds 
  Import took 0.019335 seconds .

========================================================================
Received Import Request.
  Time since last request: 675.819112 seconds.
  path: Assets/Models/Characters/Snowmen.obj
  artifactKey: Guid(977f9c581071ce4469188bad5a8478d0) Importer(815301076,1909f56bfc062723c751e8b465ee728b)
Start importing Assets/Models/Characters/Snowmen.obj using Guid(977f9c581071ce4469188bad5a8478d0) Importer(815301076,1909f56bfc062723c751e8b465ee728b)  -> (artifact id: '1a1af794005394e3014406955dc3623a') in 0.042910 seconds 
  Import took 0.047795 seconds .

========================================================================
Received Import Request.
  Time since last request: 13.725546 seconds.
  path: Assets/Prefabs/Enemies/Snowmen.prefab
  artifactKey: Guid(307d0fc1969281f498b6b3a38006ed00) Importer(815301076,1909f56bfc062723c751e8b465ee728b)
Start importing Assets/Prefabs/Enemies/Snowmen.prefab using Guid(307d0fc1969281f498b6b3a38006ed00) Importer(815301076,1909f56bfc062723c751e8b465ee728b)  -> (artifact id: '82e1d4498fca7eb84a3bc766d009729f') in 0.022915 seconds 
  Import took 0.028065 seconds .

========================================================================
Received Import Request.
  Time since last request: 262.021029 seconds.
  path: Assets/Materials/Snowman Material.mat
  artifactKey: Guid(ad414ff81276cc04da292ea2c0bd49b0) Importer(815301076,1909f56bfc062723c751e8b465ee728b)
Start importing Assets/Materials/Snowman Material.mat using Guid(ad414ff81276cc04da292ea2c0bd49b0) Importer(815301076,1909f56bfc062723c751e8b465ee728b)  -> (artifact id: '0027a9ca53ca6b6b4f934a986d9703da') in 0.015325 seconds 
  Import took 0.019394 seconds .

========================================================================
Received Import Request.
  Time since last request: 7.989742 seconds.
  path: Assets/Models/Characters/Snowmen.obj
  artifactKey: Guid(977f9c581071ce4469188bad5a8478d0) Importer(815301076,1909f56bfc062723c751e8b465ee728b)
Start importing Assets/Models/Characters/Snowmen.obj using Guid(977f9c581071ce4469188bad5a8478d0) Importer(815301076,1909f56bfc062723c751e8b465ee728b)  -> (artifact id: '466fccd0afa6685c6408aea505907e41') in 0.055283 seconds 
  Import took 0.060516 seconds .

========================================================================
Received Import Request.
  Time since last request: 46.089157 seconds.
  path: Assets/Prefabs/Enemies/Snowmen.prefab
  artifactKey: Guid(307d0fc1969281f498b6b3a38006ed00) Importer(815301076,1909f56bfc062723c751e8b465ee728b)
Start importing Assets/Prefabs/Enemies/Snowmen.prefab using Guid(307d0fc1969281f498b6b3a38006ed00) Importer(815301076,1909f56bfc062723c751e8b465ee728b)  -> (artifact id: '3dbd4dbb65d6d1b87c19f8b428bee8d1') in 0.021497 seconds 
  Import took 0.027907 seconds .

========================================================================
Received Import Request.
  Time since last request: 3.702472 seconds.
  path: Assets/Prefabs/Enemies/Snowmen.prefab
  artifactKey: Guid(307d0fc1969281f498b6b3a38006ed00) Importer(815301076,1909f56bfc062723c751e8b465ee728b)
Start importing Assets/Prefabs/Enemies/Snowmen.prefab using Guid(307d0fc1969281f498b6b3a38006ed00) Importer(815301076,1909f56bfc062723c751e8b465ee728b)  -> (artifact id: '731e34e96d14b0592fe9d11a087a75ed') in 0.020256 seconds 
  Import took 0.027723 seconds .

========================================================================
Received Import Request.
  Time since last request: 3.236540 seconds.
  path: Assets/Prefabs/Enemies/Snowmen.prefab
  artifactKey: Guid(307d0fc1969281f498b6b3a38006ed00) Importer(815301076,1909f56bfc062723c751e8b465ee728b)
Start importing Assets/Prefabs/Enemies/Snowmen.prefab using Guid(307d0fc1969281f498b6b3a38006ed00) Importer(815301076,1909f56bfc062723c751e8b465ee728b)  -> (artifact id: '8ae6c76c3cb58d1574368cfe1659b4dc') in 0.015478 seconds 
  Import took 0.020169 seconds .

========================================================================
Received Import Request.
  Time since last request: 27.419254 seconds.
  path: Assets/Prefabs/Enemies/Snowmen.prefab
  artifactKey: Guid(307d0fc1969281f498b6b3a38006ed00) Importer(815301076,1909f56bfc062723c751e8b465ee728b)
Start importing Assets/Prefabs/Enemies/Snowmen.prefab using Guid(307d0fc1969281f498b6b3a38006ed00) Importer(815301076,1909f56bfc062723c751e8b465ee728b)  -> (artifact id: '6f9a8ce4a99cb00a6e1b22d4c3351a0c') in 0.017037 seconds 
  Import took 0.024308 seconds .

========================================================================
Received Import Request.
  Time since last request: 5.804684 seconds.
  path: Assets/Prefabs/Enemies/Snowmen.prefab
  artifactKey: Guid(307d0fc1969281f498b6b3a38006ed00) Importer(815301076,1909f56bfc062723c751e8b465ee728b)
Start importing Assets/Prefabs/Enemies/Snowmen.prefab using Guid(307d0fc1969281f498b6b3a38006ed00) Importer(815301076,1909f56bfc062723c751e8b465ee728b)  -> (artifact id: '7597d41dc291ef1e888c08d375d88ede') in 0.015883 seconds 
  Import took 0.020241 seconds .

AssetImportWorkerClient::OnTransportError - code=2 error=End of file
